2023-11-21T10:20:27.737-05:00  INFO 27436 --- [restartedMain] com.example.demo.DemoApplication         : Starting DemoApplication using Java 17.0.7 with PID 27436 (C:\Users\PC\Downloads\demo_Back\demo\target\classes started by PC in C:\Users\PC\Downloads\demo_Back)
2023-11-21T10:20:27.742-05:00  INFO 27436 --- [restartedMain] com.example.demo.DemoApplication         : No active profile set, falling back to 1 default profile: "default"
2023-11-21T10:20:28.786-05:00  INFO 27436 --- [restartedMain] .s.d.r.c.RepositoryConfigurationDelegate : Bootstrapping Spring Data JPA repositories in DEFAULT mode.
2023-11-21T10:20:28.852-05:00  INFO 27436 --- [restartedMain] .s.d.r.c.RepositoryConfigurationDelegate : Finished Spring Data repository scanning in 64 ms. Found 3 JPA repository interfaces.
2023-11-21T10:20:29.161-05:00  INFO 27436 --- [restartedMain] o.s.b.w.embedded.tomcat.TomcatWebServer  : Tomcat initialized with port(s): 8080 (http)
2023-11-21T10:20:29.162-05:00  INFO 27436 --- [restartedMain] o.apache.catalina.core.StandardService   : Starting service [Tomcat]
2023-11-21T10:20:29.163-05:00  INFO 27436 --- [restartedMain] o.apache.catalina.core.StandardEngine    : Starting Servlet engine: [Apache Tomcat/10.1.15]
2023-11-21T10:20:29.220-05:00  INFO 27436 --- [restartedMain] o.a.c.c.C.[Tomcat].[localhost].[/]       : Initializing Spring embedded WebApplicationContext
2023-11-21T10:20:29.221-05:00  INFO 27436 --- [restartedMain] w.s.c.ServletWebServerApplicationContext : Root WebApplicationContext: initialization completed in 1472 ms
2023-11-21T10:20:29.277-05:00  INFO 27436 --- [restartedMain] o.hibernate.jpa.internal.util.LogHelper  : HHH000204: Processing PersistenceUnitInfo [name: default]
2023-11-21T10:20:29.292-05:00  INFO 27436 --- [restartedMain] o.s.o.j.p.SpringPersistenceUnitInfo      : No LoadTimeWeaver setup: ignoring JPA class transformer
2023-11-21T10:20:29.294-05:00  INFO 27436 --- [restartedMain] com.zaxxer.hikari.HikariDataSource       : HikariPool-3 - Starting...
2023-11-21T10:20:29.320-05:00  INFO 27436 --- [restartedMain] com.zaxxer.hikari.pool.HikariPool        : HikariPool-3 - Added connection com.mysql.cj.jdbc.ConnectionImpl@2d52291e
2023-11-21T10:20:29.321-05:00  INFO 27436 --- [restartedMain] com.zaxxer.hikari.HikariDataSource       : HikariPool-3 - Start completed.
2023-11-21T10:20:29.447-05:00  INFO 27436 --- [restartedMain] o.h.e.t.j.p.i.JtaPlatformInitiator       : HHH000489: No JTA platform available (set 'hibernate.transaction.jta.platform' to enable JTA platform integration)
2023-11-21T10:20:29.565-05:00  INFO 27436 --- [restartedMain] j.LocalContainerEntityManagerFactoryBean : Initialized JPA EntityManagerFactory for persistence unit 'default'
2023-11-21T10:20:29.753-05:00  WARN 27436 --- [restartedMain] JpaBaseConfiguration$JpaWebConfiguration : spring.jpa.open-in-view is enabled by default. Therefore, database queries may be performed during view rendering. Explicitly configure spring.jpa.open-in-view to disable this warning
2023-11-21T10:20:29.769-05:00  WARN 27436 --- [restartedMain] .s.s.UserDetailsServiceAutoConfiguration : 

Using generated security password: 3819cc26-fbf7-4e61-8ca9-2d55a4142f1a

This generated password is for development use only. Your security configuration must be updated before running your application in production.

2023-11-21T10:20:29.786-05:00  INFO 27436 --- [restartedMain] o.s.s.web.DefaultSecurityFilterChain     : Will secure any request with [org.springframework.security.web.session.DisableEncodeUrlFilter@f4aafa, org.springframework.security.web.context.request.async.WebAsyncManagerIntegrationFilter@56fd98f7, org.springframework.security.web.context.SecurityContextHolderFilter@101bf0, org.springframework.security.web.header.HeaderWriterFilter@37a5dbe4, org.springframework.security.web.authentication.logout.LogoutFilter@72b49d7e, org.springframework.security.web.savedrequest.RequestCacheAwareFilter@67620a0d, org.springframework.security.web.servletapi.SecurityContextHolderAwareRequestFilter@6b985b36, org.springframework.security.web.authentication.AnonymousAuthenticationFilter@5d9d1284, org.springframework.security.web.access.ExceptionTranslationFilter@66ad4b7c, org.springframework.security.web.access.intercept.AuthorizationFilter@2c196924]
2023-11-21T10:20:29.920-05:00  INFO 27436 --- [restartedMain] o.s.b.d.a.OptionalLiveReloadServer       : LiveReload server is running on port 35729
2023-11-21T10:20:29.934-05:00  INFO 27436 --- [restartedMain] o.s.b.w.embedded.tomcat.TomcatWebServer  : Tomcat started on port(s): 8080 (http) with context path ''
2023-11-21T10:20:29.939-05:00  INFO 27436 --- [restartedMain] com.example.demo.DemoApplication         : Started DemoApplication in 2.559 seconds (process running for 254.835)
2023-11-21T10:20:29.942-05:00  INFO 27436 --- [restartedMain] .ConditionEvaluationDeltaLoggingListener : Condition evaluation unchanged
2023-11-21T10:20:40.783-05:00  INFO 27436 --- [File Watcher] rtingClassPathChangeChangedEventListener : Restarting due to 1 class path change (0 additions, 0 deletions, 1 modification)
2023-11-21T10:20:40.822-05:00  INFO 27436 --- [Thread-12] o.apache.catalina.core.StandardService   : Stopping service [Tomcat]
2023-11-21T10:20:40.830-05:00  INFO 27436 --- [Thread-12] j.LocalContainerEntityManagerFactoryBean : Closing JPA EntityManagerFactory for persistence unit 'default'
2023-11-21T10:20:40.833-05:00  INFO 27436 --- [Thread-12] com.zaxxer.hikari.HikariDataSource       : HikariPool-3 - Shutdown initiated...
2023-11-21T10:20:40.847-05:00  INFO 27436 --- [Thread-12] com.zaxxer.hikari.HikariDataSource       : HikariPool-3 - Shutdown completed.
